<?xml version="1.0" encoding="UTF-8"?><testrun name="JPATest" project="Project" tests="4" started="4" failures="0" errors="1" ignored="0">
  <testsuite name="com.pcm.test.JPATest" time="1.936">
    <testcase name="factoryTest" classname="com.pcm.test.JPATest" time="1.64"/>
    <testcase name="DepartmentTest" classname="com.pcm.test.JPATest" time="0.265">
      <error>javax.persistence.PersistenceException: org.hibernate.InstantiationException: No default constructor for entity: com.pcm.entity.Department&#13;
	at org.hibernate.ejb.AbstractEntityManagerImpl.convert(AbstractEntityManagerImpl.java:1365)&#13;
	at org.hibernate.ejb.AbstractEntityManagerImpl.convert(AbstractEntityManagerImpl.java:1293)&#13;
	at org.hibernate.ejb.QueryImpl.getResultList(QueryImpl.java:265)&#13;
	at com.pcm.dao.DepartmentDAO.findDeptName(DepartmentDAO.java:57)&#13;
	at com.pcm.test.JPATest.DepartmentTest(JPATest.java:188)&#13;
	at sun.reflect.NativeMethodAccessorImpl.invoke0(Native Method)&#13;
	at sun.reflect.NativeMethodAccessorImpl.invoke(NativeMethodAccessorImpl.java:57)&#13;
	at sun.reflect.DelegatingMethodAccessorImpl.invoke(DelegatingMethodAccessorImpl.java:43)&#13;
	at java.lang.reflect.Method.invoke(Method.java:601)&#13;
	at org.junit.runners.model.FrameworkMethod$1.runReflectiveCall(FrameworkMethod.java:45)&#13;
	at org.junit.internal.runners.model.ReflectiveCallable.run(ReflectiveCallable.java:15)&#13;
	at org.junit.runners.model.FrameworkMethod.invokeExplosively(FrameworkMethod.java:42)&#13;
	at org.junit.internal.runners.statements.InvokeMethod.evaluate(InvokeMethod.java:20)&#13;
	at org.springframework.test.context.junit4.statements.RunBeforeTestMethodCallbacks.evaluate(RunBeforeTestMethodCallbacks.java:74)&#13;
	at org.springframework.test.context.junit4.statements.RunAfterTestMethodCallbacks.evaluate(RunAfterTestMethodCallbacks.java:82)&#13;
	at org.springframework.test.context.junit4.statements.SpringRepeat.evaluate(SpringRepeat.java:72)&#13;
	at org.springframework.test.context.junit4.SpringJUnit4ClassRunner.runChild(SpringJUnit4ClassRunner.java:231)&#13;
	at org.junit.runners.BlockJUnit4ClassRunner.runChild(BlockJUnit4ClassRunner.java:47)&#13;
	at org.junit.runners.ParentRunner$3.run(ParentRunner.java:231)&#13;
	at org.junit.runners.ParentRunner$1.schedule(ParentRunner.java:60)&#13;
	at org.junit.runners.ParentRunner.runChildren(ParentRunner.java:229)&#13;
	at org.junit.runners.ParentRunner.access$000(ParentRunner.java:50)&#13;
	at org.junit.runners.ParentRunner$2.evaluate(ParentRunner.java:222)&#13;
	at org.springframework.test.context.junit4.statements.RunBeforeTestClassCallbacks.evaluate(RunBeforeTestClassCallbacks.java:61)&#13;
	at org.springframework.test.context.junit4.statements.RunAfterTestClassCallbacks.evaluate(RunAfterTestClassCallbacks.java:70)&#13;
	at org.junit.runners.ParentRunner.run(ParentRunner.java:300)&#13;
	at org.springframework.test.context.junit4.SpringJUnit4ClassRunner.run(SpringJUnit4ClassRunner.java:174)&#13;
	at org.eclipse.jdt.internal.junit4.runner.JUnit4TestReference.run(JUnit4TestReference.java:50)&#13;
	at org.eclipse.jdt.internal.junit.runner.TestExecution.run(TestExecution.java:38)&#13;
	at org.eclipse.jdt.internal.junit.runner.RemoteTestRunner.runTests(RemoteTestRunner.java:467)&#13;
	at org.eclipse.jdt.internal.junit.runner.RemoteTestRunner.runTests(RemoteTestRunner.java:683)&#13;
	at org.eclipse.jdt.internal.junit.runner.RemoteTestRunner.run(RemoteTestRunner.java:390)&#13;
	at org.eclipse.jdt.internal.junit.runner.RemoteTestRunner.main(RemoteTestRunner.java:197)&#13;
Caused by: org.hibernate.InstantiationException: No default constructor for entity: com.pcm.entity.Department&#13;
	at org.hibernate.tuple.PojoInstantiator.instantiate(PojoInstantiator.java:120)&#13;
	at org.hibernate.tuple.PojoInstantiator.instantiate(PojoInstantiator.java:136)&#13;
	at org.hibernate.tuple.entity.AbstractEntityTuplizer.instantiate(AbstractEntityTuplizer.java:727)&#13;
	at org.hibernate.persister.entity.AbstractEntityPersister.instantiate(AbstractEntityPersister.java:4298)&#13;
	at org.hibernate.internal.SessionImpl.instantiate(SessionImpl.java:1326)&#13;
	at org.hibernate.internal.SessionImpl.instantiate(SessionImpl.java:1315)&#13;
	at org.hibernate.loader.Loader.instanceNotYetLoaded(Loader.java:1464)&#13;
	at org.hibernate.loader.Loader.getRow(Loader.java:1373)&#13;
	at org.hibernate.loader.Loader.getRowFromResultSet(Loader.java:640)&#13;
	at org.hibernate.loader.Loader.doQuery(Loader.java:850)&#13;
	at org.hibernate.loader.Loader.doQueryAndInitializeNonLazyCollections(Loader.java:289)&#13;
	at org.hibernate.loader.Loader.doList(Loader.java:2447)&#13;
	at org.hibernate.loader.Loader.doList(Loader.java:2433)&#13;
	at org.hibernate.loader.Loader.listIgnoreQueryCache(Loader.java:2263)&#13;
	at org.hibernate.loader.Loader.list(Loader.java:2258)&#13;
	at org.hibernate.loader.hql.QueryLoader.list(QueryLoader.java:470)&#13;
	at org.hibernate.hql.internal.ast.QueryTranslatorImpl.list(QueryTranslatorImpl.java:355)&#13;
	at org.hibernate.engine.query.spi.HQLQueryPlan.performList(HQLQueryPlan.java:195)&#13;
	at org.hibernate.internal.SessionImpl.list(SessionImpl.java:1215)&#13;
	at org.hibernate.internal.QueryImpl.list(QueryImpl.java:101)&#13;
	at org.hibernate.ejb.QueryImpl.getResultList(QueryImpl.java:256)&#13;
	... 30 more&#13;
&#13;
</error>
    </testcase>
    <testcase name="employeeScore" classname="com.pcm.test.JPATest" time="0.015"/>
    <testcase name="test" classname="com.pcm.test.JPATest" time="0.016"/>
  </testsuite>
</testrun>
